Determining if the pthread_create exist failed with the following output:
Change Dir: /home/nvidia/ACA/Filippo_Nevi/Advanced-Computer-Architectures/lesson_3/VectorReduction/01_VectorReduction_SM_div/build/CMakeFiles/CMakeTmp

Run Build Command:"/usr/bin/make" "cmTC_29309/fast"
/usr/bin/make -f CMakeFiles/cmTC_29309.dir/build.make CMakeFiles/cmTC_29309.dir/build
make[1]: Entering directory '/home/nvidia/ACA/Filippo_Nevi/Advanced-Computer-Architectures/lesson_3/VectorReduction/01_VectorReduction_SM_div/build/CMakeFiles/CMakeTmp'
Building CXX object CMakeFiles/cmTC_29309.dir/CheckSymbolExists.cxx.o
/usr/bin/c++     -o CMakeFiles/cmTC_29309.dir/CheckSymbolExists.cxx.o -c /home/nvidia/ACA/Filippo_Nevi/Advanced-Computer-Architectures/lesson_3/VectorReduction/01_VectorReduction_SM_div/build/CMakeFiles/CMakeTmp/CheckSymbolExists.cxx
Linking CXX executable cmTC_29309
/usr/bin/cmake -E cmake_link_script CMakeFiles/cmTC_29309.dir/link.txt --verbose=1
/usr/bin/c++       CMakeFiles/cmTC_29309.dir/CheckSymbolExists.cxx.o  -o cmTC_29309 
CMakeFiles/cmTC_29309.dir/CheckSymbolExists.cxx.o: In function `main':
CheckSymbolExists.cxx:(.text+0x14): undefined reference to `pthread_create'
CheckSymbolExists.cxx:(.text+0x18): undefined reference to `pthread_create'
collect2: error: ld returned 1 exit status
CMakeFiles/cmTC_29309.dir/build.make:97: recipe for target 'cmTC_29309' failed
make[1]: *** [cmTC_29309] Error 1
make[1]: Leaving directory '/home/nvidia/ACA/Filippo_Nevi/Advanced-Computer-Architectures/lesson_3/VectorReduction/01_VectorReduction_SM_div/build/CMakeFiles/CMakeTmp'
Makefile:126: recipe for target 'cmTC_29309/fast' failed
make: *** [cmTC_29309/fast] Error 2

File /home/nvidia/ACA/Filippo_Nevi/Advanced-Computer-Architectures/lesson_3/VectorReduction/01_VectorReduction_SM_div/build/CMakeFiles/CMakeTmp/CheckSymbolExists.cxx:
/* */
#include <pthread.h>

int main(int argc, char** argv)
{
  (void)argv;
#ifndef pthread_create
  return ((int*)(&pthread_create))[argc];
#else
  (void)argc;
  return 0;
#endif
}

Determining if the function pthread_create exists in the pthreads failed with the following output:
Change Dir: /home/nvidia/ACA/Filippo_Nevi/Advanced-Computer-Architectures/lesson_3/VectorReduction/01_VectorReduction_SM_div/build/CMakeFiles/CMakeTmp

Run Build Command:"/usr/bin/make" "cmTC_5439e/fast"
/usr/bin/make -f CMakeFiles/cmTC_5439e.dir/build.make CMakeFiles/cmTC_5439e.dir/build
make[1]: Entering directory '/home/nvidia/ACA/Filippo_Nevi/Advanced-Computer-Architectures/lesson_3/VectorReduction/01_VectorReduction_SM_div/build/CMakeFiles/CMakeTmp'
Building CXX object CMakeFiles/cmTC_5439e.dir/CheckFunctionExists.cxx.o
/usr/bin/c++    -DCHECK_FUNCTION_EXISTS=pthread_create   -o CMakeFiles/cmTC_5439e.dir/CheckFunctionExists.cxx.o -c /home/nvidia/ACA/Filippo_Nevi/Advanced-Computer-Architectures/lesson_3/VectorReduction/01_VectorReduction_SM_div/build/CMakeFiles/CheckLibraryExists/CheckFunctionExists.cxx
Linking CXX executable cmTC_5439e
/usr/bin/cmake -E cmake_link_script CMakeFiles/cmTC_5439e.dir/link.txt --verbose=1
/usr/bin/c++   -DCHECK_FUNCTION_EXISTS=pthread_create    CMakeFiles/cmTC_5439e.dir/CheckFunctionExists.cxx.o  -o cmTC_5439e -lpthreads 
/usr/bin/ld: cannot find -lpthreads
collect2: error: ld returned 1 exit status
CMakeFiles/cmTC_5439e.dir/build.make:97: recipe for target 'cmTC_5439e' failed
make[1]: *** [cmTC_5439e] Error 1
make[1]: Leaving directory '/home/nvidia/ACA/Filippo_Nevi/Advanced-Computer-Architectures/lesson_3/VectorReduction/01_VectorReduction_SM_div/build/CMakeFiles/CMakeTmp'
Makefile:126: recipe for target 'cmTC_5439e/fast' failed
make: *** [cmTC_5439e/fast] Error 2


