Determining if the pthread_create exist failed with the following output:
Change Dir: /home/nvidia/ACA/Filippo_Nevi/Advanced-Computer-Architectures/lesson_3/VectorReduction/02_VectorReduction_SM_less_div/build/CMakeFiles/CMakeTmp

Run Build Command:"/usr/bin/make" "cmTC_3f7e0/fast"
/usr/bin/make -f CMakeFiles/cmTC_3f7e0.dir/build.make CMakeFiles/cmTC_3f7e0.dir/build
make[1]: Entering directory '/home/nvidia/ACA/Filippo_Nevi/Advanced-Computer-Architectures/lesson_3/VectorReduction/02_VectorReduction_SM_less_div/build/CMakeFiles/CMakeTmp'
Building CXX object CMakeFiles/cmTC_3f7e0.dir/CheckSymbolExists.cxx.o
/usr/bin/c++     -o CMakeFiles/cmTC_3f7e0.dir/CheckSymbolExists.cxx.o -c /home/nvidia/ACA/Filippo_Nevi/Advanced-Computer-Architectures/lesson_3/VectorReduction/02_VectorReduction_SM_less_div/build/CMakeFiles/CMakeTmp/CheckSymbolExists.cxx
Linking CXX executable cmTC_3f7e0
/usr/bin/cmake -E cmake_link_script CMakeFiles/cmTC_3f7e0.dir/link.txt --verbose=1
/usr/bin/c++       CMakeFiles/cmTC_3f7e0.dir/CheckSymbolExists.cxx.o  -o cmTC_3f7e0 
CMakeFiles/cmTC_3f7e0.dir/CheckSymbolExists.cxx.o: In function `main':
CheckSymbolExists.cxx:(.text+0x14): undefined reference to `pthread_create'
CheckSymbolExists.cxx:(.text+0x18): undefined reference to `pthread_create'
collect2: error: ld returned 1 exit status
CMakeFiles/cmTC_3f7e0.dir/build.make:97: recipe for target 'cmTC_3f7e0' failed
make[1]: *** [cmTC_3f7e0] Error 1
make[1]: Leaving directory '/home/nvidia/ACA/Filippo_Nevi/Advanced-Computer-Architectures/lesson_3/VectorReduction/02_VectorReduction_SM_less_div/build/CMakeFiles/CMakeTmp'
Makefile:126: recipe for target 'cmTC_3f7e0/fast' failed
make: *** [cmTC_3f7e0/fast] Error 2

File /home/nvidia/ACA/Filippo_Nevi/Advanced-Computer-Architectures/lesson_3/VectorReduction/02_VectorReduction_SM_less_div/build/CMakeFiles/CMakeTmp/CheckSymbolExists.cxx:
/* */
#include <pthread.h>

int main(int argc, char** argv)
{
  (void)argv;
#ifndef pthread_create
  return ((int*)(&pthread_create))[argc];
#else
  (void)argc;
  return 0;
#endif
}

Determining if the function pthread_create exists in the pthreads failed with the following output:
Change Dir: /home/nvidia/ACA/Filippo_Nevi/Advanced-Computer-Architectures/lesson_3/VectorReduction/02_VectorReduction_SM_less_div/build/CMakeFiles/CMakeTmp

Run Build Command:"/usr/bin/make" "cmTC_7ba1a/fast"
/usr/bin/make -f CMakeFiles/cmTC_7ba1a.dir/build.make CMakeFiles/cmTC_7ba1a.dir/build
make[1]: Entering directory '/home/nvidia/ACA/Filippo_Nevi/Advanced-Computer-Architectures/lesson_3/VectorReduction/02_VectorReduction_SM_less_div/build/CMakeFiles/CMakeTmp'
Building CXX object CMakeFiles/cmTC_7ba1a.dir/CheckFunctionExists.cxx.o
/usr/bin/c++    -DCHECK_FUNCTION_EXISTS=pthread_create   -o CMakeFiles/cmTC_7ba1a.dir/CheckFunctionExists.cxx.o -c /home/nvidia/ACA/Filippo_Nevi/Advanced-Computer-Architectures/lesson_3/VectorReduction/02_VectorReduction_SM_less_div/build/CMakeFiles/CheckLibraryExists/CheckFunctionExists.cxx
Linking CXX executable cmTC_7ba1a
/usr/bin/cmake -E cmake_link_script CMakeFiles/cmTC_7ba1a.dir/link.txt --verbose=1
/usr/bin/c++   -DCHECK_FUNCTION_EXISTS=pthread_create    CMakeFiles/cmTC_7ba1a.dir/CheckFunctionExists.cxx.o  -o cmTC_7ba1a -lpthreads 
/usr/bin/ld: cannot find -lpthreads
collect2: error: ld returned 1 exit status
CMakeFiles/cmTC_7ba1a.dir/build.make:97: recipe for target 'cmTC_7ba1a' failed
make[1]: *** [cmTC_7ba1a] Error 1
make[1]: Leaving directory '/home/nvidia/ACA/Filippo_Nevi/Advanced-Computer-Architectures/lesson_3/VectorReduction/02_VectorReduction_SM_less_div/build/CMakeFiles/CMakeTmp'
Makefile:126: recipe for target 'cmTC_7ba1a/fast' failed
make: *** [cmTC_7ba1a/fast] Error 2


